<?xml version="1.0" encoding="UTF-8" standalone="yes"?>
<ns2:test-suite start="1617377557565" stop="1617377574361" version="1.5.2" xmlns:ns2="urn:model.allure.qatools.yandex.ru">
    <name>Cleartrip Application Login</name>
    <description type="text"></description>
    <test-cases>
        <test-case start="1617377557721" stop="1617377574354" status="broken">
            <name>Book ticket in Cleartrip</name>
            <title>Book ticket in Cleartrip</title>
            <description type="text"></description>
            <failure>
                <message>NoSuchElementException: no such element: Unable to locate element: {"method":"css selector","selector":"form[id='SearchForm'] h1"}
  (Session info: chrome=89.0.4389.114)
For documentation on this error, please visit: http://seleniumhq.org/exceptions/no_such_element.html
Build info: version: '3.7.1', revision: '8a0099a', time: '2017-11-06T21:01:39.354Z'
System info: host: 'DESKTOP-3SH16SJ', ip: '192.168.1.249', os.name: 'Windows 10', os.arch: 'amd64', os.version: '10.0', java.version: '1.8.0_231'
Driver info: org.openqa.selenium.chrome.ChromeDriver
Capabilities {acceptInsecureCerts: false, browserName: chrome, browserVersion: 89.0.4389.114, chrome: {chromedriverVersion: 89.0.4389.23 (61b08ee2c5002..., userDataDir: C:\Users\arupk\AppData\Loca...}, goog:chromeOptions: {debuggerAddress: localhost:57154}, javascriptEnabled: true, networkConnectionEnabled: false, pageLoadStrategy: normal, platform: WINDOWS, platformName: WINDOWS, proxy: Proxy(), setWindowRect: true, strictFileInteractability: false, timeouts: {implicit: 0, pageLoad: 300000, script: 30000}, unhandledPromptBehavior: dismiss and notify, webauthn:extension:largeBlob: true, webauthn:virtualAuthenticators: true}
Session ID: 873553b082475f6a631c7bf66e77cf8b
*** Element info: {Using=css selector, value=form[id='SearchForm'] h1}</message>
                <stack-trace>org.openqa.selenium.NoSuchElementException: no such element: Unable to locate element: {"method":"css selector","selector":"form[id='SearchForm'] h1"}
  (Session info: chrome=89.0.4389.114)
For documentation on this error, please visit: http://seleniumhq.org/exceptions/no_such_element.html
Build info: version: '3.7.1', revision: '8a0099a', time: '2017-11-06T21:01:39.354Z'
System info: host: 'DESKTOP-3SH16SJ', ip: '192.168.1.249', os.name: 'Windows 10', os.arch: 'amd64', os.version: '10.0', java.version: '1.8.0_231'
Driver info: org.openqa.selenium.chrome.ChromeDriver
Capabilities {acceptInsecureCerts: false, browserName: chrome, browserVersion: 89.0.4389.114, chrome: {chromedriverVersion: 89.0.4389.23 (61b08ee2c5002..., userDataDir: C:\Users\arupk\AppData\Loca...}, goog:chromeOptions: {debuggerAddress: localhost:57154}, javascriptEnabled: true, networkConnectionEnabled: false, pageLoadStrategy: normal, platform: WINDOWS, platformName: WINDOWS, proxy: Proxy(), setWindowRect: true, strictFileInteractability: false, timeouts: {implicit: 0, pageLoad: 300000, script: 30000}, unhandledPromptBehavior: dismiss and notify, webauthn:extension:largeBlob: true, webauthn:virtualAuthenticators: true}
Session ID: 873553b082475f6a631c7bf66e77cf8b
*** Element info: {Using=css selector, value=form[id='SearchForm'] h1}
	at sun.reflect.NativeConstructorAccessorImpl.newInstance0(Native Method)
	at sun.reflect.NativeConstructorAccessorImpl.newInstance(NativeConstructorAccessorImpl.java:62)
	at sun.reflect.DelegatingConstructorAccessorImpl.newInstance(DelegatingConstructorAccessorImpl.java:45)
	at java.lang.reflect.Constructor.newInstance(Constructor.java:423)
	at org.openqa.selenium.remote.http.W3CHttpResponseCodec.createException(W3CHttpResponseCodec.java:187)
	at org.openqa.selenium.remote.http.W3CHttpResponseCodec.decode(W3CHttpResponseCodec.java:122)
	at org.openqa.selenium.remote.http.W3CHttpResponseCodec.decode(W3CHttpResponseCodec.java:49)
	at org.openqa.selenium.remote.HttpCommandExecutor.execute(HttpCommandExecutor.java:164)
	at org.openqa.selenium.remote.service.DriverCommandExecutor.execute(DriverCommandExecutor.java:83)
	at org.openqa.selenium.remote.RemoteWebDriver.execute(RemoteWebDriver.java:600)
	at org.openqa.selenium.remote.RemoteWebDriver.findElement(RemoteWebDriver.java:370)
	at org.openqa.selenium.remote.RemoteWebDriver.findElementByCssSelector(RemoteWebDriver.java:464)
	at org.openqa.selenium.By$ByCssSelector.findElement(By.java:430)
	at org.openqa.selenium.remote.RemoteWebDriver.findElement(RemoteWebDriver.java:362)
	at com.CucumberCraft.stepDefinitions.GeneralStepDefs.user_is_on_cleartrip_landing_page(GeneralStepDefs.java:40)
	at âœ½.Given User is on cleartrip landing page(src/test/resources/features/Cleartrip.feature:5)
</stack-trace>
            </failure>
            <steps>
                <step start="1617377561830" stop="1617377573655" status="broken">
                    <name>Given User is on cleartrip landing page</name>
                    <title>Given User is on cleartrip landing page</title>
                </step>
                <step start="1617377573657" stop="1617377573660" status="canceled">
                    <name>When User selects the "Roundtrip" options</name>
                    <title>When User selects the "Roundtrip" options</title>
                </step>
                <step start="1617377573662" stop="1617377573663" status="canceled">
                    <name>When User enters destinations from kolkata and To chennai</name>
                    <title>When User enters destinations from kolkata and To chennai</title>
                </step>
                <step start="1617377573664" stop="1617377573665" status="canceled">
                    <name>Then User selects both Depart and return</name>
                    <title>Then User selects both Depart and return</title>
                </step>
                <step start="1617377573666" stop="1617377573667" status="canceled">
                    <name>And User enters Passenger Details</name>
                    <title>And User enters Passenger Details</title>
                </step>
                <step start="1617377573667" stop="1617377573667" status="canceled">
                    <name>Then User decides class and Airlines</name>
                    <title>Then User decides class and Airlines</title>
                </step>
                <step start="1617377573668" stop="1617377573668" status="canceled">
                    <name>And User click on Search Flight button</name>
                    <title>And User click on Search Flight button</title>
                </step>
            </steps>
            <attachments/>
            <labels>
                <label name="story" value="Book ticket in Cleartrip"/>
                <label name="feature" value="Cleartrip Application Login"/>
                <label name="host" value="DESKTOP-3SH16SJ"/>
                <label name="thread" value="23196@DESKTOP-3SH16SJ.TestNG-tests-1(13)"/>
                <label name="framework" value="CucumberJVM"/>
            </labels>
        </test-case>
    </test-cases>
    <labels>
        <label name="feature" value="Cleartrip Application Login"/>
        <label name="language" value="JAVA"/>
    </labels>
</ns2:test-suite>
