<?xml version="1.0" encoding="UTF-8" standalone="yes"?>
<ns2:test-suite start="1617370787963" stop="1617370807355" version="1.5.2" xmlns:ns2="urn:model.allure.qatools.yandex.ru">
    <name>Cleartrip Application Login</name>
    <description type="text"></description>
    <test-cases>
        <test-case start="1617370788075" stop="1617370807347" status="broken">
            <name>Book ticket in Cleartrip</name>
            <title>Book ticket in Cleartrip</title>
            <description type="text"></description>
            <failure>
                <message>NoSuchElementException: no such element: Unable to locate element: {"method":"xpath","selector":"//input[@id='RoundTrip']"}
  (Session info: chrome=89.0.4389.114)
For documentation on this error, please visit: http://seleniumhq.org/exceptions/no_such_element.html
Build info: version: '3.7.1', revision: '8a0099a', time: '2017-11-06T21:01:39.354Z'
System info: host: 'DESKTOP-3SH16SJ', ip: '192.168.1.249', os.name: 'Windows 10', os.arch: 'amd64', os.version: '10.0', java.version: '1.8.0_231'
Driver info: org.openqa.selenium.chrome.ChromeDriver
Capabilities {acceptInsecureCerts: false, browserName: chrome, browserVersion: 89.0.4389.114, chrome: {chromedriverVersion: 89.0.4389.23 (61b08ee2c5002..., userDataDir: C:\Users\arupk\AppData\Loca...}, goog:chromeOptions: {debuggerAddress: localhost:52795}, javascriptEnabled: true, networkConnectionEnabled: false, pageLoadStrategy: normal, platform: WINDOWS, platformName: WINDOWS, proxy: Proxy(), setWindowRect: true, strictFileInteractability: false, timeouts: {implicit: 0, pageLoad: 300000, script: 30000}, unhandledPromptBehavior: dismiss and notify, webauthn:extension:largeBlob: true, webauthn:virtualAuthenticators: true}
Session ID: 510ee03e0742b37afc2ca5e5b9314965
*** Element info: {Using=xpath, value=//input[@id='RoundTrip']}</message>
                <stack-trace>org.openqa.selenium.NoSuchElementException: no such element: Unable to locate element: {"method":"xpath","selector":"//input[@id='RoundTrip']"}
  (Session info: chrome=89.0.4389.114)
For documentation on this error, please visit: http://seleniumhq.org/exceptions/no_such_element.html
Build info: version: '3.7.1', revision: '8a0099a', time: '2017-11-06T21:01:39.354Z'
System info: host: 'DESKTOP-3SH16SJ', ip: '192.168.1.249', os.name: 'Windows 10', os.arch: 'amd64', os.version: '10.0', java.version: '1.8.0_231'
Driver info: org.openqa.selenium.chrome.ChromeDriver
Capabilities {acceptInsecureCerts: false, browserName: chrome, browserVersion: 89.0.4389.114, chrome: {chromedriverVersion: 89.0.4389.23 (61b08ee2c5002..., userDataDir: C:\Users\arupk\AppData\Loca...}, goog:chromeOptions: {debuggerAddress: localhost:52795}, javascriptEnabled: true, networkConnectionEnabled: false, pageLoadStrategy: normal, platform: WINDOWS, platformName: WINDOWS, proxy: Proxy(), setWindowRect: true, strictFileInteractability: false, timeouts: {implicit: 0, pageLoad: 300000, script: 30000}, unhandledPromptBehavior: dismiss and notify, webauthn:extension:largeBlob: true, webauthn:virtualAuthenticators: true}
Session ID: 510ee03e0742b37afc2ca5e5b9314965
*** Element info: {Using=xpath, value=//input[@id='RoundTrip']}
	at sun.reflect.NativeConstructorAccessorImpl.newInstance0(Native Method)
	at sun.reflect.NativeConstructorAccessorImpl.newInstance(NativeConstructorAccessorImpl.java:62)
	at sun.reflect.DelegatingConstructorAccessorImpl.newInstance(DelegatingConstructorAccessorImpl.java:45)
	at java.lang.reflect.Constructor.newInstance(Constructor.java:423)
	at org.openqa.selenium.remote.http.W3CHttpResponseCodec.createException(W3CHttpResponseCodec.java:187)
	at org.openqa.selenium.remote.http.W3CHttpResponseCodec.decode(W3CHttpResponseCodec.java:122)
	at org.openqa.selenium.remote.http.W3CHttpResponseCodec.decode(W3CHttpResponseCodec.java:49)
	at org.openqa.selenium.remote.HttpCommandExecutor.execute(HttpCommandExecutor.java:164)
	at org.openqa.selenium.remote.service.DriverCommandExecutor.execute(DriverCommandExecutor.java:83)
	at org.openqa.selenium.remote.RemoteWebDriver.execute(RemoteWebDriver.java:600)
	at org.openqa.selenium.remote.RemoteWebDriver.findElement(RemoteWebDriver.java:370)
	at org.openqa.selenium.remote.RemoteWebDriver.findElementByXPath(RemoteWebDriver.java:472)
	at org.openqa.selenium.By$ByXPath.findElement(By.java:361)
	at org.openqa.selenium.remote.RemoteWebDriver.findElement(RemoteWebDriver.java:362)
	at com.CucumberCraft.stepDefinitions.CleartripStepDef.user_selects_the_roundtrip_options(CleartripStepDef.java:22)
	at âœ½.When User selects the Roundtrip options(src/test/resources/features/Cleartrip.feature:6)
</stack-trace>
            </failure>
            <steps>
                <step start="1617370792273" stop="1617370796552" status="passed">
                    <name>Given User is on cleartrip landing page</name>
                    <title>Given User is on cleartrip landing page</title>
                </step>
                <step start="1617370796555" stop="1617370806642" status="broken">
                    <name>When User selects the Roundtrip options</name>
                    <title>When User selects the Roundtrip options</title>
                </step>
                <step start="1617370806645" stop="1617370806650" status="canceled">
                    <name>When User enters destinations from kolkata and To chennai</name>
                    <title>When User enters destinations from kolkata and To chennai</title>
                </step>
                <step start="1617370806651" stop="1617370806652" status="canceled">
                    <name>Then User selects both Depart and return</name>
                    <title>Then User selects both Depart and return</title>
                </step>
                <step start="1617370806652" stop="1617370806653" status="canceled">
                    <name>And User enters Passenger Details</name>
                    <title>And User enters Passenger Details</title>
                </step>
                <step start="1617370806654" stop="1617370806655" status="canceled">
                    <name>Then User decides class and Airlines</name>
                    <title>Then User decides class and Airlines</title>
                </step>
                <step start="1617370806657" stop="1617370806657" status="canceled">
                    <name>And User click on Search Flight button</name>
                    <title>And User click on Search Flight button</title>
                </step>
            </steps>
            <attachments/>
            <labels>
                <label name="story" value="Book ticket in Cleartrip"/>
                <label name="feature" value="Cleartrip Application Login"/>
                <label name="host" value="DESKTOP-3SH16SJ"/>
                <label name="thread" value="34972@DESKTOP-3SH16SJ.TestNG-tests-1(13)"/>
                <label name="framework" value="CucumberJVM"/>
            </labels>
        </test-case>
    </test-cases>
    <labels>
        <label name="feature" value="Cleartrip Application Login"/>
        <label name="language" value="JAVA"/>
    </labels>
</ns2:test-suite>
