<?xml version="1.0" encoding="UTF-8" standalone="yes"?>
<ns2:test-suite start="1617375172199" stop="1617375231526" version="1.5.2" xmlns:ns2="urn:model.allure.qatools.yandex.ru">
    <name>Cleartrip Application Login</name>
    <description type="text"></description>
    <test-cases>
        <test-case start="1617375172328" stop="1617375231519" status="broken">
            <name>Book ticket in Cleartrip</name>
            <title>Book ticket in Cleartrip</title>
            <description type="text"></description>
            <failure>
                <message>CucumberException: Arity mismatch: Step Definition 'com.CucumberCraft.stepDefinitions.CleartripStepDef.user_selects_both_depart_and_return(String,String) in file:/C:/CRAFT/CRAFT_Cucumber/target/test-classes/' with pattern [^User selects both Depart and return$] is declared with 2 parameters. However, the gherkin step has 0 arguments []. 
Step: Then User selects both Depart and return</message>
                <stack-trace>cucumber.runtime.CucumberException: Arity mismatch: Step Definition 'com.CucumberCraft.stepDefinitions.CleartripStepDef.user_selects_both_depart_and_return(String,String) in file:/C:/CRAFT/CRAFT_Cucumber/target/test-classes/' with pattern [^User selects both Depart and return$] is declared with 2 parameters. However, the gherkin step has 0 arguments []. 
Step: Then User selects both Depart and return
	at cucumber.runtime.StepDefinitionMatch.arityMismatch(StepDefinitionMatch.java:102)
	at cucumber.runtime.StepDefinitionMatch.transformedArgs(StepDefinitionMatch.java:60)
	at cucumber.runtime.StepDefinitionMatch.runStep(StepDefinitionMatch.java:37)
	at cucumber.runtime.Runtime.runStep(Runtime.java:300)
	at cucumber.runtime.model.StepContainer.runStep(StepContainer.java:44)
	at cucumber.runtime.model.StepContainer.runSteps(StepContainer.java:39)
	at cucumber.runtime.model.CucumberScenario.run(CucumberScenario.java:44)
	at cucumber.runtime.model.CucumberScenarioOutline.run(CucumberScenarioOutline.java:46)
	at cucumber.runtime.model.CucumberFeature.run(CucumberFeature.java:165)
	at cucumber.api.testng.TestNGCucumberRunner.runCucumber(TestNGCucumberRunner.java:63)
	at cucumber.api.testng.AbstractTestNGCucumberTests.feature(AbstractTestNGCucumberTests.java:21)
	at sun.reflect.NativeMethodAccessorImpl.invoke0(Native Method)
	at sun.reflect.NativeMethodAccessorImpl.invoke(NativeMethodAccessorImpl.java:62)
	at sun.reflect.DelegatingMethodAccessorImpl.invoke(DelegatingMethodAccessorImpl.java:43)
	at java.lang.reflect.Method.invoke(Method.java:498)
	at org.testng.internal.MethodInvocationHelper.invokeMethod(MethodInvocationHelper.java:108)
	at org.testng.internal.Invoker.invokeMethod(Invoker.java:661)
	at org.testng.internal.Invoker.invokeTestMethod(Invoker.java:869)
	at org.testng.internal.Invoker.invokeTestMethods(Invoker.java:1193)
	at org.testng.internal.TestMethodWorker.invokeTestMethods(TestMethodWorker.java:126)
	at org.testng.internal.TestMethodWorker.run(TestMethodWorker.java:109)
	at org.testng.TestRunner.privateRun(TestRunner.java:744)
	at org.testng.TestRunner.run(TestRunner.java:602)
	at org.testng.SuiteRunner.runTest(SuiteRunner.java:380)
	at org.testng.SuiteRunner.access$000(SuiteRunner.java:39)
	at org.testng.SuiteRunner$SuiteWorker.run(SuiteRunner.java:414)
	at org.testng.internal.thread.ThreadUtil$1.call(ThreadUtil.java:52)
	at java.util.concurrent.FutureTask.run(FutureTask.java:266)
	at java.util.concurrent.ThreadPoolExecutor.runWorker(ThreadPoolExecutor.java:1149)
	at java.util.concurrent.ThreadPoolExecutor$Worker.run(ThreadPoolExecutor.java:624)
	at java.lang.Thread.run(Thread.java:748)
</stack-trace>
            </failure>
            <steps>
                <step start="1617375176783" stop="1617375186381" status="passed">
                    <name>Given User is on cleartrip landing page</name>
                    <title>Given User is on cleartrip landing page</title>
                </step>
                <step start="1617375186381" stop="1617375208660" status="passed">
                    <name>When User selects the "Roundtrip" options</name>
                    <title>When User selects the "Roundtrip" options</title>
                </step>
                <step start="1617375208660" stop="1617375230920" status="passed">
                    <name>When User enters destinations from kolkata and To chennai</name>
                    <title>When User enters destinations from kolkata and To chennai</title>
                </step>
                <step start="1617375230921" stop="1617375230926" status="broken">
                    <name>Then User selects both Depart and return</name>
                    <title>Then User selects both Depart and return</title>
                </step>
                <step start="1617375230927" stop="1617375230928" status="canceled">
                    <name>And User enters Passenger Details</name>
                    <title>And User enters Passenger Details</title>
                </step>
                <step start="1617375230928" stop="1617375230929" status="canceled">
                    <name>Then User decides class and Airlines</name>
                    <title>Then User decides class and Airlines</title>
                </step>
                <step start="1617375230929" stop="1617375230929" status="canceled">
                    <name>And User click on Search Flight button</name>
                    <title>And User click on Search Flight button</title>
                </step>
            </steps>
            <attachments/>
            <labels>
                <label name="story" value="Book ticket in Cleartrip"/>
                <label name="feature" value="Cleartrip Application Login"/>
                <label name="host" value="DESKTOP-3SH16SJ"/>
                <label name="thread" value="36728@DESKTOP-3SH16SJ.TestNG-tests-1(13)"/>
                <label name="framework" value="CucumberJVM"/>
            </labels>
        </test-case>
    </test-cases>
    <labels>
        <label name="feature" value="Cleartrip Application Login"/>
        <label name="language" value="JAVA"/>
    </labels>
</ns2:test-suite>
