<?xml version="1.0" encoding="UTF-8"?>
<!-- Generated by org.testng.reporters.JUnitXMLReporter -->
<testsuite hostname="DESKTOP-3SH16SJ" ignored="0" name="Regression Tests of MOVE in iOS Perfecto for iPhone 7" tests="1" failures="1" timestamp="02 Apr 2021 15:38:12 GMT" time="39.907" errors="0">
  <testcase name="feature" time="39.111" classname="cucumber.api.testng.AbstractTestNGCucumberTests">
    <failure type="cucumber.runtime.CucumberException" message="cucumber.runtime.CucumberException: Arity mismatch: Step Definition &amp;apos;com.CucumberCraft.stepDefinitions.CleartripStepDef.user_selects_both_depart_and_return(String,String) in file:/C:/CRAFT/CRAFT_Cucumber/target/test-classes/&amp;apos; with pattern [^User selects both Depart and return$] is declared with 2 parameters. However, the gherkin step has 0 arguments []. 
Step: Then User selects both Depart and return">
      <![CDATA[cucumber.runtime.CucumberException: cucumber.runtime.CucumberException: Arity mismatch: Step Definition 'com.CucumberCraft.stepDefinitions.CleartripStepDef.user_selects_both_depart_and_return(String,String) in file:/C:/CRAFT/CRAFT_Cucumber/target/test-classes/' with pattern [^User selects both Depart and return$] is declared with 2 parameters. However, the gherkin step has 0 arguments []. 
Step: Then User selects both Depart and return
	at cucumber.api.testng.TestNGCucumberRunner.runCucumber(TestNGCucumberRunner.java:69)
	at cucumber.api.testng.AbstractTestNGCucumberTests.feature(AbstractTestNGCucumberTests.java:21)
	at java.util.concurrent.FutureTask.run(FutureTask.java:266)
	at java.util.concurrent.ThreadPoolExecutor.runWorker(ThreadPoolExecutor.java:1149)
	at java.util.concurrent.ThreadPoolExecutor$Worker.run(ThreadPoolExecutor.java:624)
	at java.lang.Thread.run(Thread.java:748)
Caused by: cucumber.runtime.CucumberException: Arity mismatch: Step Definition 'com.CucumberCraft.stepDefinitions.CleartripStepDef.user_selects_both_depart_and_return(String,String) in file:/C:/CRAFT/CRAFT_Cucumber/target/test-classes/' with pattern [^User selects both Depart and return$] is declared with 2 parameters. However, the gherkin step has 0 arguments []. 
Step: Then User selects both Depart and return
	at cucumber.runtime.StepDefinitionMatch.arityMismatch(StepDefinitionMatch.java:102)
	at cucumber.runtime.StepDefinitionMatch.transformedArgs(StepDefinitionMatch.java:60)
	at cucumber.runtime.StepDefinitionMatch.runStep(StepDefinitionMatch.java:37)
	at cucumber.runtime.Runtime.runStep(Runtime.java:300)
	at cucumber.runtime.model.StepContainer.runStep(StepContainer.java:44)
	at cucumber.runtime.model.StepContainer.runSteps(StepContainer.java:39)
	at cucumber.runtime.model.CucumberScenario.run(CucumberScenario.java:44)
	at cucumber.runtime.model.CucumberScenarioOutline.run(CucumberScenarioOutline.java:46)
	at cucumber.runtime.model.CucumberFeature.run(CucumberFeature.java:165)
	at cucumber.api.testng.TestNGCucumberRunner.runCucumber(TestNGCucumberRunner.java:63)
	... 21 more
... Removed 16 stack frames]]>
    </failure>
  </testcase> <!-- feature -->
</testsuite> <!-- Regression Tests of MOVE in iOS Perfecto for iPhone 7 -->
